[2023-12-04T19:32:54.217+0000] {taskinstance.py:1159} INFO - Dependencies all met for dep_context=non-requeueable deps ti=<TaskInstance: example_xcom.bash_pull manual__2023-12-04T19:32:49.627527+00:00 [queued]>
[2023-12-04T19:32:54.224+0000] {taskinstance.py:1159} INFO - Dependencies all met for dep_context=requeueable deps ti=<TaskInstance: example_xcom.bash_pull manual__2023-12-04T19:32:49.627527+00:00 [queued]>
[2023-12-04T19:32:54.225+0000] {taskinstance.py:1361} INFO - Starting attempt 1 of 1
[2023-12-04T19:32:54.234+0000] {taskinstance.py:1382} INFO - Executing <Task(BashOperator): bash_pull> on 2023-12-04 19:32:49.627527+00:00
[2023-12-04T19:32:54.239+0000] {standard_task_runner.py:57} INFO - Started process 114 to run task
[2023-12-04T19:32:54.245+0000] {standard_task_runner.py:84} INFO - Running: ['***', 'tasks', 'run', 'example_xcom', 'bash_pull', 'manual__2023-12-04T19:32:49.627527+00:00', '--job-id', '20', '--raw', '--subdir', '/home/***/.local/lib/python3.8/site-packages/***/example_dags/example_xcom.py', '--cfg-path', '/tmp/tmp2xr48j92']
[2023-12-04T19:32:54.249+0000] {standard_task_runner.py:85} INFO - Job 20: Subtask bash_pull
[2023-12-04T19:32:54.284+0000] {task_command.py:416} INFO - Running <TaskInstance: example_xcom.bash_pull manual__2023-12-04T19:32:49.627527+00:00 [running]> on host 3adcbcb640df
[2023-12-04T19:32:54.354+0000] {taskinstance.py:1662} INFO - Exporting env vars: AIRFLOW_CTX_DAG_OWNER='***' AIRFLOW_CTX_DAG_ID='example_xcom' AIRFLOW_CTX_TASK_ID='bash_pull' AIRFLOW_CTX_EXECUTION_DATE='2023-12-04T19:32:49.627527+00:00' AIRFLOW_CTX_TRY_NUMBER='1' AIRFLOW_CTX_DAG_RUN_ID='manual__2023-12-04T19:32:49.627527+00:00'
[2023-12-04T19:32:54.356+0000] {subprocess.py:63} INFO - Tmp dir root location: /tmp
[2023-12-04T19:32:54.357+0000] {subprocess.py:75} INFO - Running command: ['/bin/bash', '-c', 'echo "bash pull demo" && echo "The xcom pushed manually is manually_pushed_value" && echo "The returned_value xcom is value_by_return" && echo "finished"']
[2023-12-04T19:32:54.374+0000] {subprocess.py:86} INFO - Output:
[2023-12-04T19:32:54.375+0000] {subprocess.py:93} INFO - bash pull demo
[2023-12-04T19:32:54.375+0000] {subprocess.py:93} INFO - The xcom pushed manually is manually_pushed_value
[2023-12-04T19:32:54.376+0000] {subprocess.py:93} INFO - The returned_value xcom is value_by_return
[2023-12-04T19:32:54.376+0000] {subprocess.py:93} INFO - finished
[2023-12-04T19:32:54.377+0000] {subprocess.py:97} INFO - Command exited with return code 0
[2023-12-04T19:32:54.390+0000] {taskinstance.py:1400} INFO - Marking task as SUCCESS. dag_id=example_xcom, task_id=bash_pull, execution_date=20231204T193249, start_date=20231204T193254, end_date=20231204T193254
[2023-12-04T19:32:54.414+0000] {local_task_job_runner.py:228} INFO - Task exited with return code 0
[2023-12-04T19:32:54.444+0000] {taskinstance.py:2778} INFO - 0 downstream tasks scheduled from follow-on schedule check
